#
# There is insufficient memory for the Java Runtime Environment to continue.
# Native memory allocation (mmap) failed to map 117440512 bytes. Error detail: G1 virtual space
# Possible reasons:
#   The system is out of physical RAM or swap space
#   This process is running with CompressedOops enabled, and the Java Heap may be blocking the growth of the native heap
# Possible solutions:
#   Reduce memory load on the system
#   Increase physical memory or swap space
#   Check if swap backing store is full
#   Decrease Java heap size (-Xmx/-Xms)
#   Decrease number of Java threads
#   Decrease Java thread stack sizes (-Xss)
#   Set larger code cache with -XX:ReservedCodeCacheSize=
#   JVM is running with Unscaled Compressed Oops mode in which the Java heap is
#     placed in the first 4GB address space. The Java Heap base address is the
#     maximum limit for the native heap growth. Please use -XX:HeapBaseMinAddress
#     to set the Java Heap base and to place the Java Heap above 4GB virtual address.
# This output file may be truncated or incomplete.
#
#  Out of Memory Error (os_windows.cpp:3898), pid=4016, tid=3008
#
# JRE version:  (21.0.6+9) (build )
# Java VM: OpenJDK 64-Bit Server VM (21.0.6+9-b895.109, mixed mode, sharing, tiered, compressed oops, compressed class ptrs, g1 gc, windows-amd64)
# No core dump will be written. Minidumps are not enabled by default on client versions of Windows
#

---------------  S U M M A R Y ------------

Command Line: git4idea.http.GitAskPassApp Username for 'https://github.com': 

Host: AMD Ryzen 7 3700U with Radeon Vega Mobile Gfx  , 8 cores, 6G,  Windows 11 , 64 bit Build 26100 (10.0.26100.4202)
Time: Fri Jul 11 12:55:18 2025 ora legale Europa occidentale elapsed time: 1.138811 seconds (0d 0h 0m 1s)

---------------  T H R E A D  ---------------

Current thread (0x0000026c58894700):  JavaThread "Unknown thread" [_thread_in_vm, id=3008, stack(0x000000c187900000,0x000000c187a00000) (1024K)]

Stack: [0x000000c187900000,0x000000c187a00000]
Native frames: (J=compiled Java code, j=interpreted, Vv=VM code, C=native code)
V  [jvm.dll+0x6e5cb9]
V  [jvm.dll+0x8c4113]
V  [jvm.dll+0x8c666e]
V  [jvm.dll+0x8c6d53]
V  [jvm.dll+0x288f76]
V  [jvm.dll+0x6e2575]
V  [jvm.dll+0x6d602a]
V  [jvm.dll+0x3635db]
V  [jvm.dll+0x36b1a6]
V  [jvm.dll+0x3bd4f6]
V  [jvm.dll+0x3bd7c8]
V  [jvm.dll+0x335d2c]
V  [jvm.dll+0x336a1b]
V  [jvm.dll+0x88b569]
V  [jvm.dll+0x3ca6c8]
V  [jvm.dll+0x8745b8]
V  [jvm.dll+0x45f0de]
V  [jvm.dll+0x460dc1]
C  [jli.dll+0x52ab]
C  [ucrtbase.dll+0x37b0]
C  [KERNEL32.DLL+0x2e8d7]
C  [ntdll.dll+0x3c34c]


---------------  P R O C E S S  ---------------

Threads class SMR info:
_java_thread_list=0x00007ffc02e8a148, length=0, elements={
}

Java Threads: ( => current thread )
Total: 0

Other Threads:
  0x0000026c5aba9ad0 WorkerThread "GC Thread#0"                     [id=6408, stack(0x000000c187a00000,0x000000c187b00000) (1024K)]
  0x0000026c5abb88b0 ConcurrentGCThread "G1 Main Marker"            [id=5632, stack(0x000000c187b00000,0x000000c187c00000) (1024K)]
  0x0000026c5abbc890 WorkerThread "G1 Conc#0"                       [id=5092, stack(0x000000c187c00000,0x000000c187d00000) (1024K)]

[error occurred during error reporting (printing all threads), id 0xc0000005, EXCEPTION_ACCESS_VIOLATION (0xc0000005) at pc=0x00007ffc02578e07]
VM state: not at safepoint (not fully initialized)

VM Mutex/Monitor currently owned by a thread:  ([mutex/lock_event])
[0x00007ffc02efeb30] Heap_lock - owner thread: 0x0000026c58894700

Heap address: 0x0000000091000000, size: 1776 MB, Compressed Oops mode: 32-bit

CDS archive(s) mapped at: [0x0000000000000000-0x0000000000000000-0x0000000000000000), size 0, SharedBaseAddress: 0x0000000800000000, ArchiveRelocationMode: 1.
Narrow klass base: 0x0000000000000000, Narrow klass shift: 0, Narrow klass range: 0x0

GC Precious Log:
 CardTable entry size: 512
 Card Set container configuration: InlinePtr #cards 5 size 8 Array Of Cards #cards 12 size 40 Howl #buckets 4 coarsen threshold 1843 Howl Bitmap #cards 512 size 80 coarsen threshold 460 Card regions per heap region 1 cards per card region 2048

Heap:
 garbage-first heap   total 0K, used 0K [0x0000000091000000, 0x0000000100000000)
  region size 1024K, 0 young (0K), 0 survivors (0K)
 Metaspace       used 0K, committed 0K, reserved 0K
  class space    used 0K, committed 0K, reserved 0K

Heap Regions: E=young(eden), S=young(survivor), O=old, HS=humongous(starts), HC=humongous(continues), CS=collection set, F=free, TAMS=top-at-mark-start, PB=parsable bottom

Card table byte_map: [0x0000026c6e240000,0x0000026c6e5c0000] _byte_map_base: 0x0000026c6ddb8000

Marking Bits: (CMBitMap*) 0x0000026c5abaa1d0
 Bits: [0x0000026c6e5c0000, 0x0000026c70180000)

GC Heap History (0 events):
No events

Dll operation events (1 events):
Event: 0.013 Loaded shared library C:\Program Files\JetBrains\PyCharm 2025.1.1.1\jbr\bin\java.dll

Deoptimization events (0 events):
No events

Classes loaded (0 events):
No events

Classes unloaded (0 events):
No events

Classes redefined (0 events):
No events

Internal exceptions (0 events):
No events

ZGC Phase Switch (0 events):
No events

VM Operations (0 events):
No events

Memory protections (0 events):
No events

Nmethod flushes (0 events):
No events

Events (0 events):
No events


Dynamic libraries:
0x00007ff7e89d0000 - 0x00007ff7e89da000 	C:\Program Files\JetBrains\PyCharm 2025.1.1.1\jbr\bin\java.exe
0x00007ffc78840000 - 0x00007ffc78aa5000 	C:\WINDOWS\SYSTEM32\ntdll.dll
0x00007ffc76c70000 - 0x00007ffc76d39000 	C:\WINDOWS\System32\KERNEL32.DLL
0x00007ffc75d80000 - 0x00007ffc76168000 	C:\WINDOWS\System32\KERNELBASE.dll
0x00007ffc76170000 - 0x00007ffc762bb000 	C:\WINDOWS\System32\ucrtbase.dll
0x00007ffc62cb0000 - 0x00007ffc62ccb000 	C:\Program Files\JetBrains\PyCharm 2025.1.1.1\jbr\bin\VCRUNTIME140.dll
0x00007ffc5f300000 - 0x00007ffc5f318000 	C:\Program Files\JetBrains\PyCharm 2025.1.1.1\jbr\bin\jli.dll
0x00007ffc77e50000 - 0x00007ffc7801a000 	C:\WINDOWS\System32\USER32.dll
0x00007ffc762c0000 - 0x00007ffc762e7000 	C:\WINDOWS\System32\win32u.dll
0x00007ffc618d0000 - 0x00007ffc61b6a000 	C:\WINDOWS\WinSxS\amd64_microsoft.windows.common-controls_6595b64144ccf1df_6.0.26100.4202_none_3e0698d4e335f517\COMCTL32.dll
0x00007ffc769d0000 - 0x00007ffc769fb000 	C:\WINDOWS\System32\GDI32.dll
0x00007ffc78590000 - 0x00007ffc78639000 	C:\WINDOWS\System32\msvcrt.dll
0x00007ffc75a20000 - 0x00007ffc75b57000 	C:\WINDOWS\System32\gdi32full.dll
0x00007ffc76530000 - 0x00007ffc765d3000 	C:\WINDOWS\System32\msvcp_win.dll
0x00007ffc76d40000 - 0x00007ffc76d70000 	C:\WINDOWS\System32\IMM32.DLL
0x00007ffc6ff10000 - 0x00007ffc6ff1c000 	C:\Program Files\JetBrains\PyCharm 2025.1.1.1\jbr\bin\vcruntime140_1.dll
0x00007ffc0a400000 - 0x00007ffc0a48d000 	C:\Program Files\JetBrains\PyCharm 2025.1.1.1\jbr\bin\msvcp140.dll
0x00007ffc02230000 - 0x00007ffc02ff1000 	C:\Program Files\JetBrains\PyCharm 2025.1.1.1\jbr\bin\server\jvm.dll
0x00007ffc78640000 - 0x00007ffc786f3000 	C:\WINDOWS\System32\ADVAPI32.dll
0x00007ffc765e0000 - 0x00007ffc76686000 	C:\WINDOWS\System32\sechost.dll
0x00007ffc76ab0000 - 0x00007ffc76bc5000 	C:\WINDOWS\System32\RPCRT4.dll
0x00007ffc78510000 - 0x00007ffc78584000 	C:\WINDOWS\System32\WS2_32.dll
0x00007ffc75800000 - 0x00007ffc7585e000 	C:\WINDOWS\SYSTEM32\POWRPROF.dll
0x00007ffc723e0000 - 0x00007ffc72415000 	C:\WINDOWS\SYSTEM32\WINMM.dll
0x00007ffc6d930000 - 0x00007ffc6d93b000 	C:\WINDOWS\SYSTEM32\VERSION.dll
0x00007ffc757e0000 - 0x00007ffc757f4000 	C:\WINDOWS\SYSTEM32\UMPDC.dll
0x00007ffc74750000 - 0x00007ffc7476b000 	C:\WINDOWS\SYSTEM32\kernel.appcore.dll
0x00007ffc6f540000 - 0x00007ffc6f54a000 	C:\Program Files\JetBrains\PyCharm 2025.1.1.1\jbr\bin\jimage.dll
0x00007ffc72e30000 - 0x00007ffc73071000 	C:\WINDOWS\SYSTEM32\DBGHELP.DLL
0x00007ffc76f70000 - 0x00007ffc772f5000 	C:\WINDOWS\System32\combase.dll
0x00007ffc775f0000 - 0x00007ffc776d1000 	C:\WINDOWS\System32\OLEAUT32.dll
0x00007ffc56040000 - 0x00007ffc56079000 	C:\WINDOWS\SYSTEM32\dbgcore.DLL
0x00007ffc75b60000 - 0x00007ffc75bf9000 	C:\WINDOWS\System32\bcryptPrimitives.dll
0x00007ffc625c0000 - 0x00007ffc625e0000 	C:\Program Files\JetBrains\PyCharm 2025.1.1.1\jbr\bin\java.dll

dbghelp: loaded successfully - version: 4.0.5 - missing functions: none
symbol engine: initialized successfully - sym options: 0x614 - pdb path: .;C:\Program Files\JetBrains\PyCharm 2025.1.1.1\jbr\bin;C:\WINDOWS\SYSTEM32;C:\WINDOWS\WinSxS\amd64_microsoft.windows.common-controls_6595b64144ccf1df_6.0.26100.4202_none_3e0698d4e335f517;C:\Program Files\JetBrains\PyCharm 2025.1.1.1\jbr\bin\server

VM Arguments:
java_command: git4idea.http.GitAskPassApp Username for 'https://github.com': 
java_class_path (initial): C:/Program Files/JetBrains/PyCharm 2025.1.1.1/plugins/vcs-git/lib/git4idea-rt.jar;C:/Program Files/JetBrains/PyCharm 2025.1.1.1/lib/externalProcess-rt.jar
Launcher Type: SUN_STANDARD

[Global flags]
     intx CICompilerCount                          = 4                                         {product} {ergonomic}
     uint ConcGCThreads                            = 2                                         {product} {ergonomic}
     uint G1ConcRefinementThreads                  = 8                                         {product} {ergonomic}
   size_t G1HeapRegionSize                         = 1048576                                   {product} {ergonomic}
    uintx GCDrainStackTargetSize                   = 64                                        {product} {ergonomic}
   size_t InitialHeapSize                          = 117440512                                 {product} {ergonomic}
   size_t MarkStackSize                            = 4194304                                   {product} {ergonomic}
   size_t MaxHeapSize                              = 1862270976                                {product} {ergonomic}
   size_t MinHeapDeltaBytes                        = 1048576                                   {product} {ergonomic}
   size_t MinHeapSize                              = 8388608                                   {product} {ergonomic}
    uintx NonNMethodCodeHeapSize                   = 5839372                                {pd product} {ergonomic}
    uintx NonProfiledCodeHeapSize                  = 122909434                              {pd product} {ergonomic}
    uintx ProfiledCodeHeapSize                     = 122909434                              {pd product} {ergonomic}
    uintx ReservedCodeCacheSize                    = 251658240                              {pd product} {ergonomic}
     bool SegmentedCodeCache                       = true                                      {product} {ergonomic}
   size_t SoftMaxHeapSize                          = 1862270976                             {manageable} {ergonomic}
     bool UseCompressedOops                        = true                           {product lp64_product} {ergonomic}
     bool UseG1GC                                  = true                                      {product} {ergonomic}
     bool UseLargePagesIndividualAllocation        = false                                  {pd product} {ergonomic}

Logging:
Log output configuration:
 #0: stdout all=warning uptime,level,tags foldmultilines=false
 #1: stderr all=off uptime,level,tags foldmultilines=false

Environment Variables:
PATH=C:\Program Files\Git\mingw64\libexec\git-core;C:\Program Files\Git\mingw64\libexec\git-core;C:\Program Files\Git\mingw64\bin;C:\Program Files\Git\usr\bin;C:\Users\okpco\bin;C:\Program Files (x86)\Common Files\Oracle\Java\java8path;C:\Program Files (x86)\Common Files\Oracle\Java\javapath;C:\Program Files\Eclipse Foundation\jdk-8.0.302.8-hotspot\bin;C:\WINDOWS\system32;C:\WINDOWS;C:\WINDOWS\System32\Wbem;C:\WINDOWS\System32\WindowsPowerShell\v1.0;C:\WINDOWS\System32\OpenSSH;C:\Program Files\dotnet;C:\Program Files\Git\cmd;C:\Program Files\MATLAB\R2024b\bin;C:\Users\okpco\AppData\Local\Programs\Python\Python313\Scripts;C:\Users\okpco\AppData\Local\Programs\Python\Python313;C:\Users\okpco\AppData\Local\Microsoft\WindowsApps;C:\Users\okpco\.dotnet\tools;C:\msys64\ucrt64\bin;C:\Users\okpco\AppData\Local\Programs\Microsoft VS Code\bin;C:\Users\okpco\AppData\Local\GitHubDesktop\bin;C:\Program Files\JetBrains\PyCharm 2025.1.1.1\bin
USERNAME=okpco
DISPLAY=:0.0
LC_ALL=en_US.UTF-8
TERM=xterm-256color
TMPDIR=C:\Users\okpco\AppData\Local\Temp
OS=Windows_NT
PROCESSOR_IDENTIFIER=AMD64 Family 23 Model 24 Stepping 1, AuthenticAMD
TMP=C:\Users\okpco\AppData\Local\Temp
TEMP=C:\Users\okpco\AppData\Local\Temp




Periodic native trim disabled

JNI global refs:
JNI global refs: 0, weak refs: 0

JNI global refs memory usage: 0, weak refs: 0

Process memory usage:
Resident Set Size: 12832K (0% of 7274124K total physical memory with 755044K free physical memory)

OOME stack traces (most recent first):
Classloader memory used:

---------------  S Y S T E M  ---------------

OS:
 Windows 11 , 64 bit Build 26100 (10.0.26100.4202)
OS uptime: 2 days 0:50 hours

CPU: total 8 (initial active 8) (8 cores per cpu, 2 threads per core) family 23 model 24 stepping 1 microcode 0x8108109, cx8, cmov, fxsr, ht, mmx, 3dnowpref, sse, sse2, sse3, ssse3, sse4a, sse4.1, sse4.2, popcnt, lzcnt, tsc, tscinvbit, avx, avx2, aes, clmul, bmi1, bmi2, adx, sha, fma, vzeroupper, clflush, clflushopt, rdtscp, f16c
Processor Information for the first 8 processors :
  Max Mhz: 2300, Current Mhz: 2300, Mhz Limit: 2300

Memory: 4k page, system-wide physical 7103M (737M free)
TotalPageFile size 15295M (AvailPageFile size 63M)
current process WorkingSet (physical memory assigned to process): 12M, peak: 12M
current process commit charge ("private bytes"): 60M, peak: 172M

vm_info: OpenJDK 64-Bit Server VM (21.0.6+9-b895.109) for windows-amd64 JRE (21.0.6+9-b895.109), built on 2025-03-26 by "builduser" with MS VC++ 16.10 / 16.11 (VS2019)

END.
